Сборка начата 06.05.2022 0:42:25.
Уровень детализации журнала: Normal.     1>Проект "E:\1yniver\2sem\КПО\SE_Lab07S\SE_Lab07\SE_Lab07.vcxproj" в узле 2 (целевые объекты Build).
     1>InitializeBuildStatus:
         Создание "Debug\SE_Lab07.tlog\unsuccessfulbuild", так как было задано "AlwaysCreate".
       ClCompile:
         C:\Program Files (x86)\Microsoft Visual Studio\2019\Community\VC\Tools\MSVC\14.29.30133\bin\HostX86\x86\CL.exe /c /ZI /JMC /nologo /W3 /WX- /diagnostics:column /sdl /Od /Oy- /D WIN32 /D _DEBUG /D _CONSOLE /D _UNICODE /D UNICODE /Gm- /EHsc /RTC1 /MDd /GS /fp:precise /permissive- /Zc:wchar_t /Zc:forScope /Zc:inline /Fo"Debug\\" /Fd"Debug\vc142.pdb" /external:W3 /Gd /TP /analyze- /FC /errorReport:prompt SE_Lab07.cpp
         SE_Lab07.cpp
     1>E:\1yniver\2sem\КПО\SE_Lab07S\SE_Lab07\SE_Lab07.cpp(10,1): warning C4326: возвращаемый тип "main" должен быть "int", а не "void"
       Link:
         C:\Program Files (x86)\Microsoft Visual Studio\2019\Community\VC\Tools\MSVC\14.29.30133\bin\HostX86\x86\link.exe /ERRORREPORT:PROMPT /OUT:"E:\1yniver\2sem\КПО\SE_Lab07S\Debug\SE_Lab07.exe" /INCREMENTAL /ILK:"Debug\SE_Lab07.ilk" /NOLOGO kernel32.lib user32.lib gdi32.lib winspool.lib comdlg32.lib advapi32.lib shell32.lib ole32.lib oleaut32.lib uuid.lib odbc32.lib odbccp32.lib /MANIFEST /MANIFESTUAC:"level='asInvoker' uiAccess='false'" /manifest:embed /DEBUG /PDB:"E:\1yniver\2sem\КПО\SE_Lab07S\Debug\SE_Lab07.pdb" /SUBSYSTEM:CONSOLE /TLBID:1 /DYNAMICBASE /NXCOMPAT /IMPLIB:"E:\1yniver\2sem\КПО\SE_Lab07S\Debug\SE_Lab07.lib" /MACHINE:X86 Debug\SE_Lab07.obj
         SE_Lab07.vcxproj -> E:\1yniver\2sem\КПО\SE_Lab07S\Debug\SE_Lab07.exe
       FinalizeBuildStatus:
         Файл "Debug\SE_Lab07.tlog\unsuccessfulbuild" удаляется.
         Обращение к "Debug\SE_Lab07.tlog\SE_Lab07.lastbuildstate".
     1>Сборка проекта "E:\1yniver\2sem\КПО\SE_Lab07S\SE_Lab07\SE_Lab07.vcxproj" завершена (целевые объекты Build).

Сборка успешно завершена.

       "E:\1yniver\2sem\КПО\SE_Lab07S\SE_Lab07\SE_Lab07.vcxproj" (целевой объект Build ) (1) ->
       (Целевой объект ClCompile) -> 
         E:\1yniver\2sem\КПО\SE_Lab07S\SE_Lab07\SE_Lab07.cpp(10,1): warning C4326: возвращаемый тип "main" должен быть "int", а не "void"

    Предупреждений: 1
    Ошибок: 0

Прошло времени 00:00:06.64
