Сборка начата 20.02.2022 15:22:40.
Уровень детализации журнала: Normal.     1>Проект "E:\1yniver\2sem\КПО\лр 2\lr02\lr02\lr02.vcxproj" в узле 2 (целевые объекты Build).
     1>C:\Program Files (x86)\Microsoft Visual Studio\2019\Community\MSBuild\Microsoft\VC\v160\Microsoft.CppBuild.targets(513,5): warning MSB8028: промежуточный каталог (Debug\) содержит файлы, которые используются совместно с другим проектом (lr02.vcxproj).  Это может привести к ошибкам очистки и перестроения.
         Создание каталога "Debug\SE_Lab02.tlog\".
     1>InitializeBuildStatus:
         Создание "Debug\SE_Lab02.tlog\unsuccessfulbuild", так как было задано "AlwaysCreate".
       ClCompile:
         C:\Program Files (x86)\Microsoft Visual Studio\2019\Community\VC\Tools\MSVC\14.29.30133\bin\HostX86\x86\CL.exe /c /ZI /JMC /nologo /W3 /WX- /diagnostics:column /sdl /Od /Oy- /D WIN32 /D _DEBUG /D _CONSOLE /D _UNICODE /D UNICODE /Gm- /EHsc /RTC1 /MDd /GS /fp:precise /permissive- /Zc:wchar_t /Zc:forScope /Zc:inline /Fo"Debug\\" /Fd"Debug\vc142.pdb" /external:W3 /Gd /TP /analyze- /FC /errorReport:prompt SE_Lab02.cpp Func_sum.cpp Func_sub.cpp Func_mul.cpp
         SE_Lab02.cpp
         Func_sum.cpp
         Func_sub.cpp
         Func_mul.cpp
         Создание кода...
       Link:
         C:\Program Files (x86)\Microsoft Visual Studio\2019\Community\VC\Tools\MSVC\14.29.30133\bin\HostX86\x86\link.exe /ERRORREPORT:PROMPT /OUT:"E:\1yniver\2sem\КПО\лр 2\lr02\Debug\SE_Lab02.exe" /INCREMENTAL /ILK:"Debug\SE_Lab02.ilk" /NOLOGO kernel32.lib user32.lib gdi32.lib winspool.lib comdlg32.lib advapi32.lib shell32.lib ole32.lib oleaut32.lib uuid.lib odbc32.lib odbccp32.lib /MANIFEST /MANIFESTUAC:"level='asInvoker' uiAccess='false'" /manifest:embed /DEBUG /PDB:"E:\1yniver\2sem\КПО\лр 2\lr02\Debug\SE_Lab02.pdb" /SUBSYSTEM:CONSOLE /TLBID:1 /DYNAMICBASE /NXCOMPAT /IMPLIB:"E:\1yniver\2sem\КПО\лр 2\lr02\Debug\SE_Lab02.lib" /MACHINE:X86 Debug\SE_Lab02.obj
         Debug\Func_sum.obj
         Debug\Func_sub.obj
         Debug\Func_mul.obj
         lr02.vcxproj -> E:\1yniver\2sem\КПО\лр 2\lr02\Debug\SE_Lab02.exe
       FinalizeBuildStatus:
         Файл "Debug\SE_Lab02.tlog\unsuccessfulbuild" удаляется.
         Обращение к "Debug\SE_Lab02.tlog\SE_Lab02.lastbuildstate".
     1>Сборка проекта "E:\1yniver\2sem\КПО\лр 2\lr02\lr02\lr02.vcxproj" завершена (целевые объекты Build).

Сборка успешно завершена.

       "E:\1yniver\2sem\КПО\лр 2\lr02\lr02\lr02.vcxproj" (целевой объект Build ) (1) ->
       (Целевой объект PrepareForBuild) -> 
         C:\Program Files (x86)\Microsoft Visual Studio\2019\Community\MSBuild\Microsoft\VC\v160\Microsoft.CppBuild.targets(513,5): warning MSB8028: промежуточный каталог (Debug\) содержит файлы, которые используются совместно с другим проектом (lr02.vcxproj).  Это может привести к ошибкам очистки и перестроения.

    Предупреждений: 1
    Ошибок: 0

Прошло времени 00:00:09.65
