Сборка начата 29.06.2022 12:38:02.
Уровень детализации журнала: Normal.     1>Проект "E:\1yniver\2sem\практика\SE_lab15\SE_lab15\SE_lab15.vcxproj" в узле 2 (целевые объекты Rebuild).
     1>_PrepareForClean:
         Файл "Debug\SE_lab15.tlog\SE_lab15.lastbuildstate" удаляется.
       InitializeBuildStatus:
         Создание "Debug\SE_lab15.tlog\unsuccessfulbuild", так как было задано "AlwaysCreate".
       ClCompile:
         C:\Program Files (x86)\Microsoft Visual Studio\2019\Community\VC\Tools\MSVC\14.29.30133\bin\HostX86\x86\CL.exe /c /ZI /JMC /nologo /W3 /WX- /diagnostics:column /sdl /Od /Oy- /D WIN32 /D _DEBUG /D _CONSOLE /D _UNICODE /D UNICODE /Gm- /EHsc /RTC1 /MDd /GS /fp:precise /permissive- /Zc:wchar_t /Zc:forScope /Zc:inline /Fo"Debug\\" /Fd"Debug\vc142.pdb" /external:W3 /Gd /TP /analyze- /FC /errorReport:prompt Error.cpp In.cpp Parm.cpp SE_lab15.cpp Log.cpp
         Error.cpp
         In.cpp
     1>E:\1yniver\2sem\практика\SE_lab15\SE_lab15\In.cpp(28,22): warning C4018: <: несоответствие типов со знаком и без знака
     1>E:\1yniver\2sem\практика\SE_lab15\SE_lab15\In.cpp(55,22): warning C4018: <: несоответствие типов со знаком и без знака
     1>E:\1yniver\2sem\практика\SE_lab15\SE_lab15\In.cpp(73,25): warning C4018: <: несоответствие типов со знаком и без знака
         Parm.cpp
         SE_lab15.cpp
         Log.cpp
         Создание кода...
       Link:
         C:\Program Files (x86)\Microsoft Visual Studio\2019\Community\VC\Tools\MSVC\14.29.30133\bin\HostX86\x86\link.exe /ERRORREPORT:PROMPT /OUT:"E:\1yniver\2sem\практика\SE_lab15\Debug\SE_lab15.exe" /INCREMENTAL /ILK:"Debug\SE_lab15.ilk" /NOLOGO kernel32.lib user32.lib gdi32.lib winspool.lib comdlg32.lib advapi32.lib shell32.lib ole32.lib oleaut32.lib uuid.lib odbc32.lib odbccp32.lib /MANIFEST /MANIFESTUAC:"level='asInvoker' uiAccess='false'" /manifest:embed /DEBUG /PDB:"E:\1yniver\2sem\практика\SE_lab15\Debug\SE_lab15.pdb" /SUBSYSTEM:CONSOLE /TLBID:1 /DYNAMICBASE /NXCOMPAT /IMPLIB:"E:\1yniver\2sem\практика\SE_lab15\Debug\SE_lab15.lib" /MACHINE:X86 Debug\Error.obj
         Debug\In.obj
         Debug\Parm.obj
         Debug\SE_lab15.obj
         Debug\Log.obj
         SE_lab15.vcxproj -> E:\1yniver\2sem\практика\SE_lab15\Debug\SE_lab15.exe
       FinalizeBuildStatus:
         Файл "Debug\SE_lab15.tlog\unsuccessfulbuild" удаляется.
         Обращение к "Debug\SE_lab15.tlog\SE_lab15.lastbuildstate".
     1>Сборка проекта "E:\1yniver\2sem\практика\SE_lab15\SE_lab15\SE_lab15.vcxproj" завершена (целевые объекты Rebuild).

Сборка успешно завершена.

       "E:\1yniver\2sem\практика\SE_lab15\SE_lab15\SE_lab15.vcxproj" (целевой объект Rebuild ) (1) ->
       (Целевой объект ClCompile) -> 
         E:\1yniver\2sem\практика\SE_lab15\SE_lab15\In.cpp(28,22): warning C4018: <: несоответствие типов со знаком и без знака
         E:\1yniver\2sem\практика\SE_lab15\SE_lab15\In.cpp(55,22): warning C4018: <: несоответствие типов со знаком и без знака
         E:\1yniver\2sem\практика\SE_lab15\SE_lab15\In.cpp(73,25): warning C4018: <: несоответствие типов со знаком и без знака

    Предупреждений: 3
    Ошибок: 0

Прошло времени 00:00:05.90
