Сборка начата 25.03.2022 13:28:59.
Уровень детализации журнала: Normal.     1>Проект "E:\1yniver\2sem\КПО\лр 3\ConsoleApplication1\ConsoleApplication1\ConsoleApplication1.vcxproj" в узле 2 (целевые объекты Build).
     1>InitializeBuildStatus:
         Создание "Debug\ConsoleA.5a34da58.tlog\unsuccessfulbuild", так как было задано "AlwaysCreate".
       ClCompile:
         C:\Program Files (x86)\Microsoft Visual Studio\2019\Community\VC\Tools\MSVC\14.29.30133\bin\HostX86\x86\CL.exe /c /ZI /JMC /nologo /W3 /WX- /diagnostics:column /sdl /Od /Oy- /D WIN32 /D _DEBUG /D _CONSOLE /D _UNICODE /D UNICODE /Gm- /EHsc /RTC1 /MDd /GS /fp:precise /permissive- /Zc:wchar_t /Zc:forScope /Zc:inline /Fo"Debug\\" /Fd"Debug\vc142.pdb" /external:W3 /Gd /TP /analyze- /FC /errorReport:prompt ConsoleApplication1.cpp
         ConsoleApplication1.cpp
     1>E:\1yniver\2sem\КПО\лр 3\ConsoleApplication1\ConsoleApplication1\ConsoleApplication1.cpp(28,15): warning C4309: инициализация: усечение константного значения
     1>E:\1yniver\2sem\КПО\лр 3\ConsoleApplication1\ConsoleApplication1\ConsoleApplication1.cpp(56): warning C4723: возможное деление на 0
     1>E:\1yniver\2sem\КПО\лр 3\ConsoleApplication1\ConsoleApplication1\ConsoleApplication1.cpp(57): warning C4723: возможное деление на 0
       Link:
         C:\Program Files (x86)\Microsoft Visual Studio\2019\Community\VC\Tools\MSVC\14.29.30133\bin\HostX86\x86\link.exe /ERRORREPORT:PROMPT /OUT:"E:\1yniver\2sem\КПО\лр 3\ConsoleApplication1\Debug\ConsoleApplication1.exe" /INCREMENTAL /ILK:"Debug\ConsoleApplication1.ilk" /NOLOGO kernel32.lib user32.lib gdi32.lib winspool.lib comdlg32.lib advapi32.lib shell32.lib ole32.lib oleaut32.lib uuid.lib odbc32.lib odbccp32.lib /MANIFEST /MANIFESTUAC:"level='asInvoker' uiAccess='false'" /manifest:embed /DEBUG /PDB:"E:\1yniver\2sem\КПО\лр 3\ConsoleApplication1\Debug\ConsoleApplication1.pdb" /SUBSYSTEM:CONSOLE /TLBID:1 /DYNAMICBASE /NXCOMPAT /IMPLIB:"E:\1yniver\2sem\КПО\лр 3\ConsoleApplication1\Debug\ConsoleApplication1.lib" /MACHINE:X86 Debug\ConsoleApplication1.obj
         ConsoleApplication1.vcxproj -> E:\1yniver\2sem\КПО\лр 3\ConsoleApplication1\Debug\ConsoleApplication1.exe
       FinalizeBuildStatus:
         Файл "Debug\ConsoleA.5a34da58.tlog\unsuccessfulbuild" удаляется.
         Обращение к "Debug\ConsoleA.5a34da58.tlog\ConsoleApplication1.lastbuildstate".
     1>Сборка проекта "E:\1yniver\2sem\КПО\лр 3\ConsoleApplication1\ConsoleApplication1\ConsoleApplication1.vcxproj" завершена (целевые объекты Build).

Сборка успешно завершена.

       "E:\1yniver\2sem\КПО\лр 3\ConsoleApplication1\ConsoleApplication1\ConsoleApplication1.vcxproj" (целевой объект Build ) (1) ->
       (Целевой объект ClCompile) -> 
         E:\1yniver\2sem\КПО\лр 3\ConsoleApplication1\ConsoleApplication1\ConsoleApplication1.cpp(28,15): warning C4309: инициализация: усечение константного значения
         E:\1yniver\2sem\КПО\лр 3\ConsoleApplication1\ConsoleApplication1\ConsoleApplication1.cpp(56): warning C4723: возможное деление на 0
         E:\1yniver\2sem\КПО\лр 3\ConsoleApplication1\ConsoleApplication1\ConsoleApplication1.cpp(57): warning C4723: возможное деление на 0

    Предупреждений: 3
    Ошибок: 0

Прошло времени 00:00:03.56
