Сборка начата 20.03.2022 22:03:39.
Уровень детализации журнала: Normal.     1>Проект "E:\1yniver\2sem\КПО\лр 5\SE_Lab05\zadanie2\zadanie2.vcxproj" в узле 2 (целевые объекты Build).
     1>InitializeBuildStatus:
         Создание "Debug\zadanie2.tlog\unsuccessfulbuild", так как было задано "AlwaysCreate".
       ClCompile:
         C:\Program Files (x86)\Microsoft Visual Studio\2019\Community\VC\Tools\MSVC\14.29.30133\bin\HostX86\x86\CL.exe /c /ZI /JMC /nologo /W3 /WX- /diagnostics:column /sdl /Od /Oy- /D WIN32 /D _DEBUG /D _CONSOLE /D _UNICODE /D UNICODE /Gm- /EHsc /RTC1 /MDd /GS /fp:precise /permissive- /Zc:wchar_t /Zc:forScope /Zc:inline /Fo"Debug\\" /Fd"Debug\vc142.pdb" /external:W3 /Gd /TP /analyze- /FC /errorReport:prompt zadanie2.cpp
         zadanie2.cpp
     1>E:\1yniver\2sem\КПО\лр 5\SE_Lab05\zadanie2\zadanie2.cpp(37,34): warning C4838: Преобразование из "int" в "data_ot" требует сужающего преобразования.
     1>E:\1yniver\2sem\КПО\лр 5\SE_Lab05\zadanie2\zadanie2.cpp(37,51): warning C4305: инициализация: усечение из "int" в "data_ot"
     1>E:\1yniver\2sem\КПО\лр 5\SE_Lab05\zadanie2\zadanie2.cpp(37,34): warning C4309: инициализация: усечение константного значения
     1>E:\1yniver\2sem\КПО\лр 5\SE_Lab05\zadanie2\zadanie2.cpp(38,35): warning C4838: Преобразование из "int" в "balans" требует сужающего преобразования.
     1>E:\1yniver\2sem\КПО\лр 5\SE_Lab05\zadanie2\zadanie2.cpp(38,58): warning C4305: инициализация: усечение из "int" в "balans"
     1>E:\1yniver\2sem\КПО\лр 5\SE_Lab05\zadanie2\zadanie2.cpp(38,35): warning C4309: инициализация: усечение константного значения
     1>E:\1yniver\2sem\КПО\лр 5\SE_Lab05\zadanie2\zadanie2.cpp(38,40): warning C4838: Преобразование из "int" в "data_ot" требует сужающего преобразования.
     1>E:\1yniver\2sem\КПО\лр 5\SE_Lab05\zadanie2\zadanie2.cpp(38,58): warning C4305: инициализация: усечение из "int" в "data_ot"
     1>E:\1yniver\2sem\КПО\лр 5\SE_Lab05\zadanie2\zadanie2.cpp(38,40): warning C4309: инициализация: усечение константного значения
       Link:
         C:\Program Files (x86)\Microsoft Visual Studio\2019\Community\VC\Tools\MSVC\14.29.30133\bin\HostX86\x86\link.exe /ERRORREPORT:PROMPT /OUT:"E:\1yniver\2sem\КПО\лр 5\SE_Lab05\Debug\zadanie2.exe" /INCREMENTAL /ILK:"Debug\zadanie2.ilk" /NOLOGO kernel32.lib user32.lib gdi32.lib winspool.lib comdlg32.lib advapi32.lib shell32.lib ole32.lib oleaut32.lib uuid.lib odbc32.lib odbccp32.lib /MANIFEST /MANIFESTUAC:"level='asInvoker' uiAccess='false'" /manifest:embed /DEBUG /PDB:"E:\1yniver\2sem\КПО\лр 5\SE_Lab05\Debug\zadanie2.pdb" /SUBSYSTEM:CONSOLE /TLBID:1 /DYNAMICBASE /NXCOMPAT /IMPLIB:"E:\1yniver\2sem\КПО\лр 5\SE_Lab05\Debug\zadanie2.lib" /MACHINE:X86 Debug\zadanie2.obj
         zadanie2.vcxproj -> E:\1yniver\2sem\КПО\лр 5\SE_Lab05\Debug\zadanie2.exe
       FinalizeBuildStatus:
         Файл "Debug\zadanie2.tlog\unsuccessfulbuild" удаляется.
         Обращение к "Debug\zadanie2.tlog\zadanie2.lastbuildstate".
     1>Сборка проекта "E:\1yniver\2sem\КПО\лр 5\SE_Lab05\zadanie2\zadanie2.vcxproj" завершена (целевые объекты Build).

Сборка успешно завершена.

       "E:\1yniver\2sem\КПО\лр 5\SE_Lab05\zadanie2\zadanie2.vcxproj" (целевой объект Build ) (1) ->
       (Целевой объект ClCompile) -> 
         E:\1yniver\2sem\КПО\лр 5\SE_Lab05\zadanie2\zadanie2.cpp(37,34): warning C4838: Преобразование из "int" в "data_ot" требует сужающего преобразования.
         E:\1yniver\2sem\КПО\лр 5\SE_Lab05\zadanie2\zadanie2.cpp(37,51): warning C4305: инициализация: усечение из "int" в "data_ot"
         E:\1yniver\2sem\КПО\лр 5\SE_Lab05\zadanie2\zadanie2.cpp(37,34): warning C4309: инициализация: усечение константного значения
         E:\1yniver\2sem\КПО\лр 5\SE_Lab05\zadanie2\zadanie2.cpp(38,35): warning C4838: Преобразование из "int" в "balans" требует сужающего преобразования.
         E:\1yniver\2sem\КПО\лр 5\SE_Lab05\zadanie2\zadanie2.cpp(38,58): warning C4305: инициализация: усечение из "int" в "balans"
         E:\1yniver\2sem\КПО\лр 5\SE_Lab05\zadanie2\zadanie2.cpp(38,35): warning C4309: инициализация: усечение константного значения
         E:\1yniver\2sem\КПО\лр 5\SE_Lab05\zadanie2\zadanie2.cpp(38,40): warning C4838: Преобразование из "int" в "data_ot" требует сужающего преобразования.
         E:\1yniver\2sem\КПО\лр 5\SE_Lab05\zadanie2\zadanie2.cpp(38,58): warning C4305: инициализация: усечение из "int" в "data_ot"
         E:\1yniver\2sem\КПО\лр 5\SE_Lab05\zadanie2\zadanie2.cpp(38,40): warning C4309: инициализация: усечение константного значения

    Предупреждений: 9
    Ошибок: 0

Прошло времени 00:00:01.73
