Сборка начата 20.02.2022 21:07:46.
Уровень детализации журнала: Normal.     1>Проект "E:\1yniver\2sem\КПО\лр 1\proekt_data\proekt_data\proekt_data.vcxproj" в узле 2 (целевые объекты Build).
     1>InitializeBuildStatus:
         Создание "Debug\proekt_data.tlog\unsuccessfulbuild", так как было задано "AlwaysCreate".
       ClCompile:
         C:\Program Files (x86)\Microsoft Visual Studio\2019\Community\VC\Tools\MSVC\14.29.30133\bin\HostX86\x86\CL.exe /c /ZI /JMC /nologo /W3 /WX- /diagnostics:column /sdl /Od /Oy- /D WIN32 /D _DEBUG /D _CONSOLE /D _UNICODE /D UNICODE /Gm- /EHsc /RTC1 /MDd /GS /fp:precise /permissive- /Zc:wchar_t /Zc:forScope /Zc:inline /FAcs /Fa"(/Fa)" /Fo"Debug\\" /Fd"Debug\vc142.pdb" /external:W3 /Gd /TP /analyze- /FC /errorReport:prompt proekt_data.cpp
         proekt_data.cpp
     1>E:\1yniver\2sem\КПО\лр 1\proekt_data\proekt_data\proekt_data.cpp(9,39): warning C4101: a: неиспользованная локальная переменная
     1>E:\1yniver\2sem\КПО\лр 1\proekt_data\proekt_data\proekt_data.cpp(88,11): warning C4553: "==": результат выражения не используется; вы хотели использовать "="?
       Link:
         C:\Program Files (x86)\Microsoft Visual Studio\2019\Community\VC\Tools\MSVC\14.29.30133\bin\HostX86\x86\link.exe /ERRORREPORT:PROMPT /OUT:"E:\1yniver\2sem\КПО\лр 1\proekt_data\Debug\proekt_data.exe" /INCREMENTAL /ILK:"Debug\proekt_data.ilk" /NOLOGO kernel32.lib user32.lib gdi32.lib winspool.lib comdlg32.lib advapi32.lib shell32.lib ole32.lib oleaut32.lib uuid.lib odbc32.lib odbccp32.lib /MANIFEST /MANIFESTUAC:"level='asInvoker' uiAccess='false'" /manifest:embed /DEBUG /PDB:"E:\1yniver\2sem\КПО\лр 1\proekt_data\Debug\proekt_data.pdb" /SUBSYSTEM:CONSOLE /TLBID:1 /DYNAMICBASE /NXCOMPAT /IMPLIB:"E:\1yniver\2sem\КПО\лр 1\proekt_data\Debug\proekt_data.lib" /MACHINE:X86 Debug\proekt_data.obj
         proekt_data.vcxproj -> E:\1yniver\2sem\КПО\лр 1\proekt_data\Debug\proekt_data.exe
       FinalizeBuildStatus:
         Файл "Debug\proekt_data.tlog\unsuccessfulbuild" удаляется.
         Обращение к "Debug\proekt_data.tlog\proekt_data.lastbuildstate".
     1>Сборка проекта "E:\1yniver\2sem\КПО\лр 1\proekt_data\proekt_data\proekt_data.vcxproj" завершена (целевые объекты Build).

Сборка успешно завершена.

       "E:\1yniver\2sem\КПО\лр 1\proekt_data\proekt_data\proekt_data.vcxproj" (целевой объект Build ) (1) ->
       (Целевой объект ClCompile) -> 
         E:\1yniver\2sem\КПО\лр 1\proekt_data\proekt_data\proekt_data.cpp(9,39): warning C4101: a: неиспользованная локальная переменная
         E:\1yniver\2sem\КПО\лр 1\proekt_data\proekt_data\proekt_data.cpp(88,11): warning C4553: "==": результат выражения не используется; вы хотели использовать "="?

    Предупреждений: 2
    Ошибок: 0

Прошло времени 00:00:01.24
