Сборка начата 01.03.2022 18:28:36.
Уровень детализации журнала: Normal.     1>Проект "E:\1yniver\2sem\КПО\лр 3\SE_lab03_1\SE_lab03_1\SE_lab03_1.vcxproj" в узле 2 (целевые объекты Build).
     1>InitializeBuildStatus:
         Обращение к "Debug\SE_lab03_1.tlog\unsuccessfulbuild".
       ClCompile:
         C:\Program Files (x86)\Microsoft Visual Studio\2019\Community\VC\Tools\MSVC\14.29.30133\bin\HostX86\x86\CL.exe /c /ZI /JMC /nologo /W3 /WX- /diagnostics:column /sdl /Od /Oy- /D WIN32 /D _DEBUG /D _CONSOLE /D _UNICODE /D UNICODE /Gm- /EHsc /RTC1 /MDd /GS /fp:precise /permissive- /Zc:wchar_t /Zc:forScope /Zc:inline /Fo"Debug\\" /Fd"Debug\vc142.pdb" /external:W3 /Gd /TP /analyze- /FC /errorReport:prompt SE_lab03_1.cpp
         SE_lab03_1.cpp
     1>E:\1yniver\2sem\КПО\лр 3\SE_lab03_1\SE_lab03_1\SE_lab03_1.cpp(18,10): warning C4244: инициализация: преобразование "double" в "float", возможна потеря данных
     1>E:\1yniver\2sem\КПО\лр 3\SE_lab03_1\SE_lab03_1\SE_lab03_1.cpp(37,15): warning C4309: инициализация: усечение константного значения
     1>E:\1yniver\2sem\КПО\лр 3\SE_lab03_1\SE_lab03_1\SE_lab03_1.cpp(75,12): warning C4244: =: преобразование "double" в "float", возможна потеря данных
     1>E:\1yniver\2sem\КПО\лр 3\SE_lab03_1\SE_lab03_1\SE_lab03_1.cpp(73): warning C4723: возможное деление на 0
     1>E:\1yniver\2sem\КПО\лр 3\SE_lab03_1\SE_lab03_1\SE_lab03_1.cpp(74): warning C4723: возможное деление на 0
       Link:
         C:\Program Files (x86)\Microsoft Visual Studio\2019\Community\VC\Tools\MSVC\14.29.30133\bin\HostX86\x86\link.exe /ERRORREPORT:PROMPT /OUT:"E:\1yniver\2sem\КПО\лр 3\SE_lab03_1\Debug\SE_lab03_1.exe" /INCREMENTAL /ILK:"Debug\SE_lab03_1.ilk" /NOLOGO kernel32.lib user32.lib gdi32.lib winspool.lib comdlg32.lib advapi32.lib shell32.lib ole32.lib oleaut32.lib uuid.lib odbc32.lib odbccp32.lib /MANIFEST /MANIFESTUAC:"level='asInvoker' uiAccess='false'" /manifest:embed /DEBUG /PDB:"E:\1yniver\2sem\КПО\лр 3\SE_lab03_1\Debug\SE_lab03_1.pdb" /SUBSYSTEM:CONSOLE /TLBID:1 /DYNAMICBASE /NXCOMPAT /IMPLIB:"E:\1yniver\2sem\КПО\лр 3\SE_lab03_1\Debug\SE_lab03_1.lib" /MACHINE:X86 Debug\SE_lab03_1.obj
         SE_lab03_1.vcxproj -> E:\1yniver\2sem\КПО\лр 3\SE_lab03_1\Debug\SE_lab03_1.exe
       FinalizeBuildStatus:
         Файл "Debug\SE_lab03_1.tlog\unsuccessfulbuild" удаляется.
         Обращение к "Debug\SE_lab03_1.tlog\SE_lab03_1.lastbuildstate".
     1>Сборка проекта "E:\1yniver\2sem\КПО\лр 3\SE_lab03_1\SE_lab03_1\SE_lab03_1.vcxproj" завершена (целевые объекты Build).

Сборка успешно завершена.

       "E:\1yniver\2sem\КПО\лр 3\SE_lab03_1\SE_lab03_1\SE_lab03_1.vcxproj" (целевой объект Build ) (1) ->
       (Целевой объект ClCompile) -> 
         E:\1yniver\2sem\КПО\лр 3\SE_lab03_1\SE_lab03_1\SE_lab03_1.cpp(18,10): warning C4244: инициализация: преобразование "double" в "float", возможна потеря данных
         E:\1yniver\2sem\КПО\лр 3\SE_lab03_1\SE_lab03_1\SE_lab03_1.cpp(37,15): warning C4309: инициализация: усечение константного значения
         E:\1yniver\2sem\КПО\лр 3\SE_lab03_1\SE_lab03_1\SE_lab03_1.cpp(75,12): warning C4244: =: преобразование "double" в "float", возможна потеря данных
         E:\1yniver\2sem\КПО\лр 3\SE_lab03_1\SE_lab03_1\SE_lab03_1.cpp(73): warning C4723: возможное деление на 0
         E:\1yniver\2sem\КПО\лр 3\SE_lab03_1\SE_lab03_1\SE_lab03_1.cpp(74): warning C4723: возможное деление на 0

    Предупреждений: 5
    Ошибок: 0

Прошло времени 00:00:02.62
